[17:48:22] [main/INFO]: Setting user: Player371
[17:48:23] [Client thread/INFO]: LWJGL Version: 2.9.1
[17:48:30] [Client thread/INFO]: Reloading ResourceManager: Default, FMLFileResourcePack:Forge Mod Loader, FMLFileResourcePack:Minecraft Forge, FMLFileResourcePack:Nuclear Tomorrow
[17:48:31] [Sound Library Loader/INFO]: Sound engine started
[17:48:32] [Client thread/INFO]: Created: 16x16 textures/blocks-atlas
[17:48:32] [Client thread/INFO]: Created: 16x16 textures/items-atlas
[17:48:32] [Client thread/INFO]: Reloading ResourceManager: Default, FMLFileResourcePack:Forge Mod Loader, FMLFileResourcePack:Minecraft Forge, FMLFileResourcePack:Nuclear Tomorrow
[17:48:33] [Client thread/INFO]: Created: 512x256 textures/blocks-atlas
[17:48:33] [Client thread/INFO]: Created: 256x256 textures/items-atlas
[17:48:33] [Sound Library Loader/INFO]: Sound engine started
[17:48:40] [Server thread/INFO]: Starting integrated minecraft server version 1.7.10
[17:48:40] [Server thread/INFO]: Generating keypair
[17:48:40] [Server thread/INFO]: Preparing start region for level 0
[17:48:41] [Server thread/INFO]: Changing view distance to 12, from 10
[17:48:42] [Server thread/INFO]: Player371[local:E:3b00d9d1] logged in with entity id 162 at (-269.5317536470198, 115.86555216000758, 694.3583674725053)
[17:48:42] [Server thread/INFO]: Player371 joined the game
[17:49:18] [Server thread/WARN]: Can't keep up! Did the system time change, or is the server overloaded? Running 36306ms behind, skipping 726 tick(s)
[17:53:44] [Server thread/INFO]: Player371 lost connection: TextComponent{text='Disconnected', siblings=[], style=Style{hasParent=false, color=null, bold=null, italic=null, underlined=null, obfuscated=null, clickEvent=null, hoverEvent=null}}
[17:53:44] [Server thread/INFO]: Player371 left the game
[17:53:44] [Server thread/INFO]: Stopping singleplayer server as player logged out
[17:53:44] [Server thread/INFO]: Saving and pausing game...
[17:53:44] [Server thread/INFO]: Saving chunks for level 'Ncto test'/Overworld
[17:53:44] [Server thread/INFO]: Saving chunks for level 'Ncto test'/Nether
[17:53:44] [Server thread/INFO]: Saving chunks for level 'Ncto test'/The End
[17:53:44] [Server thread/INFO]: Saving chunks for level 'Ncto test'/realworld
[17:53:46] [Server thread/INFO]: Stopping server
[17:53:46] [Server thread/INFO]: Saving players
[17:53:46] [Server thread/INFO]: Saving worlds
[17:53:46] [Server thread/INFO]: Saving chunks for level 'Ncto test'/Overworld
[17:53:46] [Server thread/INFO]: Saving chunks for level 'Ncto test'/Nether
[17:53:46] [Server thread/INFO]: Saving chunks for level 'Ncto test'/The End
[17:53:46] [Server thread/INFO]: Saving chunks for level 'Ncto test'/realworld
[17:53:55] [Server thread/INFO]: Starting integrated minecraft server version 1.7.10
[17:53:55] [Server thread/INFO]: Generating keypair
[17:53:55] [Server thread/INFO]: Preparing start region for level 0
[17:53:55] [Server thread/INFO]: Changing view distance to 12, from 10
[17:53:56] [Server thread/INFO]: Player371[local:E:e8e8d4aa] logged in with entity id 644 at (-269.5317536470198, 115.86555216000758, 694.3583674725053)
[17:53:56] [Server thread/INFO]: Player371 joined the game
